c:\_ai\002\cpp-fractal-app\build\_deps\sfml-build\src\sfml\window\sfml-window.dir\release\inputimpl.obj
c:\_ai\002\cpp-fractal-app\build\_deps\sfml-build\src\sfml\window\sfml-window.dir\release\clipboardimpl.obj
c:\_ai\002\cpp-fractal-app\build\_deps\sfml-build\src\sfml\window\sfml-window.dir\release\cursorimpl.obj
c:\_ai\002\cpp-fractal-app\build\_deps\sfml-build\src\sfml\window\sfml-window.dir\release\windowimpl.obj
c:\_ai\002\cpp-fractal-app\build\_deps\sfml-build\src\sfml\window\sfml-window.dir\release\windowbase.obj
c:\_ai\002\cpp-fractal-app\build\_deps\sfml-build\src\sfml\window\sfml-window.dir\release\window.obj
c:\_ai\002\cpp-fractal-app\build\_deps\sfml-build\src\sfml\window\sfml-window.dir\release\vulkan.obj
c:\_ai\002\cpp-fractal-app\build\_deps\sfml-build\src\sfml\window\sfml-window.dir\release\videomode.obj
c:\_ai\002\cpp-fractal-app\build\_deps\sfml-build\src\sfml\window\sfml-window.dir\release\sensormanager.obj
c:\_ai\002\cpp-fractal-app\build\_deps\sfml-build\src\sfml\window\sfml-window.dir\release\sensor.obj
c:\_ai\002\cpp-fractal-app\build\_deps\sfml-build\src\sfml\window\sfml-window.dir\release\touch.obj
c:\_ai\002\cpp-fractal-app\build\_deps\sfml-build\src\sfml\window\sfml-window.dir\release\mouse.obj
c:\_ai\002\cpp-fractal-app\build\_deps\sfml-build\src\sfml\window\sfml-window.dir\release\keyboard.obj
c:\_ai\002\cpp-fractal-app\build\_deps\sfml-build\src\sfml\window\sfml-window.dir\release\joystickmanager.obj
c:\_ai\002\cpp-fractal-app\build\_deps\sfml-build\src\sfml\window\sfml-window.dir\release\joystick.obj
c:\_ai\002\cpp-fractal-app\build\_deps\sfml-build\src\sfml\window\sfml-window.dir\release\glresource.obj
c:\_ai\002\cpp-fractal-app\build\_deps\sfml-build\src\sfml\window\sfml-window.dir\release\glcontext.obj
c:\_ai\002\cpp-fractal-app\build\_deps\sfml-build\src\sfml\window\sfml-window.dir\release\cursor.obj
c:\_ai\002\cpp-fractal-app\build\_deps\sfml-build\src\sfml\window\sfml-window.dir\release\context.obj
c:\_ai\002\cpp-fractal-app\build\_deps\sfml-build\src\sfml\window\sfml-window.dir\release\clipboard.obj
c:\_ai\002\cpp-fractal-app\build\_deps\sfml-build\src\sfml\window\sfml-window.dir\release\wglcontext.obj
c:\_ai\002\cpp-fractal-app\build\_deps\sfml-build\src\sfml\window\sfml-window.dir\release\windowimplwin32.obj
c:\_ai\002\cpp-fractal-app\build\_deps\sfml-build\src\sfml\window\sfml-window.dir\release\vulkanimplwin32.obj
c:\_ai\002\cpp-fractal-app\build\_deps\sfml-build\src\sfml\window\sfml-window.dir\release\videomodeimpl.obj
c:\_ai\002\cpp-fractal-app\build\_deps\sfml-build\src\sfml\window\sfml-window.dir\release\sensorimpl.obj
c:\_ai\002\cpp-fractal-app\build\_deps\sfml-build\src\sfml\window\sfml-window.dir\release\joystickimpl.obj
c:\_ai\002\cpp-fractal-app\build\_deps\sfml-build\src\sfml\window\cmakefiles\generate.stamp
c:\_ai\002\cpp-fractal-app\build\_deps\sfml-build\lib\release\sfml-window-2.dll
c:\_ai\002\cpp-fractal-app\build\_deps\sfml-build\src\sfml\window\sfml-window.dir\release\sfml-window.res
c:\_ai\002\cpp-fractal-app\build\_deps\sfml-build\lib\release\sfml-window.lib
c:\_ai\002\cpp-fractal-app\build\_deps\sfml-build\lib\release\sfml-window.exp
c:\_ai\002\cpp-fractal-app\build\_deps\sfml-build\src\sfml\window\sfml-window.dir\release\sfml-window.tlog\cl.command.1.tlog
c:\_ai\002\cpp-fractal-app\build\_deps\sfml-build\src\sfml\window\sfml-window.dir\release\sfml-window.tlog\cl.items.tlog
c:\_ai\002\cpp-fractal-app\build\_deps\sfml-build\src\sfml\window\sfml-window.dir\release\sfml-window.tlog\cl.read.1.tlog
c:\_ai\002\cpp-fractal-app\build\_deps\sfml-build\src\sfml\window\sfml-window.dir\release\sfml-window.tlog\cl.write.1.tlog
c:\_ai\002\cpp-fractal-app\build\_deps\sfml-build\src\sfml\window\sfml-window.dir\release\sfml-window.tlog\custombuild.command.1.tlog
c:\_ai\002\cpp-fractal-app\build\_deps\sfml-build\src\sfml\window\sfml-window.dir\release\sfml-window.tlog\custombuild.read.1.tlog
c:\_ai\002\cpp-fractal-app\build\_deps\sfml-build\src\sfml\window\sfml-window.dir\release\sfml-window.tlog\custombuild.write.1.tlog
c:\_ai\002\cpp-fractal-app\build\_deps\sfml-build\src\sfml\window\sfml-window.dir\release\sfml-window.tlog\link.command.1.tlog
c:\_ai\002\cpp-fractal-app\build\_deps\sfml-build\src\sfml\window\sfml-window.dir\release\sfml-window.tlog\link.read.1.tlog
c:\_ai\002\cpp-fractal-app\build\_deps\sfml-build\src\sfml\window\sfml-window.dir\release\sfml-window.tlog\link.secondary.1.tlog
c:\_ai\002\cpp-fractal-app\build\_deps\sfml-build\src\sfml\window\sfml-window.dir\release\sfml-window.tlog\link.write.1.tlog
c:\_ai\002\cpp-fractal-app\build\_deps\sfml-build\src\sfml\window\sfml-window.dir\release\sfml-window.tlog\rc.command.1.tlog
c:\_ai\002\cpp-fractal-app\build\_deps\sfml-build\src\sfml\window\sfml-window.dir\release\sfml-window.tlog\rc.read.1.tlog
c:\_ai\002\cpp-fractal-app\build\_deps\sfml-build\src\sfml\window\sfml-window.dir\release\sfml-window.tlog\rc.write.1.tlog
