c:\_ai\002\cpp-fractal-app\build\_deps\sfml-build\src\sfml\network\sfml-network.dir\release\socketimpl.obj
c:\_ai\002\cpp-fractal-app\build\_deps\sfml-build\src\sfml\network\sfml-network.dir\release\udpsocket.obj
c:\_ai\002\cpp-fractal-app\build\_deps\sfml-build\src\sfml\network\sfml-network.dir\release\tcpsocket.obj
c:\_ai\002\cpp-fractal-app\build\_deps\sfml-build\src\sfml\network\sfml-network.dir\release\tcplistener.obj
c:\_ai\002\cpp-fractal-app\build\_deps\sfml-build\src\sfml\network\sfml-network.dir\release\socketselector.obj
c:\_ai\002\cpp-fractal-app\build\_deps\sfml-build\src\sfml\network\sfml-network.dir\release\socket.obj
c:\_ai\002\cpp-fractal-app\build\_deps\sfml-build\src\sfml\network\sfml-network.dir\release\packet.obj
c:\_ai\002\cpp-fractal-app\build\_deps\sfml-build\src\sfml\network\sfml-network.dir\release\ipaddress.obj
c:\_ai\002\cpp-fractal-app\build\_deps\sfml-build\src\sfml\network\sfml-network.dir\release\http.obj
c:\_ai\002\cpp-fractal-app\build\_deps\sfml-build\src\sfml\network\sfml-network.dir\release\ftp.obj
c:\_ai\002\cpp-fractal-app\build\_deps\sfml-build\src\sfml\network\cmakefiles\generate.stamp
c:\_ai\002\cpp-fractal-app\build\_deps\sfml-build\lib\release\sfml-network-2.dll
c:\_ai\002\cpp-fractal-app\build\_deps\sfml-build\src\sfml\network\sfml-network.dir\release\sfml-network.res
c:\_ai\002\cpp-fractal-app\build\_deps\sfml-build\lib\release\sfml-network.lib
c:\_ai\002\cpp-fractal-app\build\_deps\sfml-build\lib\release\sfml-network.exp
c:\_ai\002\cpp-fractal-app\build\_deps\sfml-build\src\sfml\network\sfml-network.dir\release\sfml-network.tlog\cl.command.1.tlog
c:\_ai\002\cpp-fractal-app\build\_deps\sfml-build\src\sfml\network\sfml-network.dir\release\sfml-network.tlog\cl.items.tlog
c:\_ai\002\cpp-fractal-app\build\_deps\sfml-build\src\sfml\network\sfml-network.dir\release\sfml-network.tlog\cl.read.1.tlog
c:\_ai\002\cpp-fractal-app\build\_deps\sfml-build\src\sfml\network\sfml-network.dir\release\sfml-network.tlog\cl.write.1.tlog
c:\_ai\002\cpp-fractal-app\build\_deps\sfml-build\src\sfml\network\sfml-network.dir\release\sfml-network.tlog\custombuild.command.1.tlog
c:\_ai\002\cpp-fractal-app\build\_deps\sfml-build\src\sfml\network\sfml-network.dir\release\sfml-network.tlog\custombuild.read.1.tlog
c:\_ai\002\cpp-fractal-app\build\_deps\sfml-build\src\sfml\network\sfml-network.dir\release\sfml-network.tlog\custombuild.write.1.tlog
c:\_ai\002\cpp-fractal-app\build\_deps\sfml-build\src\sfml\network\sfml-network.dir\release\sfml-network.tlog\link.command.1.tlog
c:\_ai\002\cpp-fractal-app\build\_deps\sfml-build\src\sfml\network\sfml-network.dir\release\sfml-network.tlog\link.read.1.tlog
c:\_ai\002\cpp-fractal-app\build\_deps\sfml-build\src\sfml\network\sfml-network.dir\release\sfml-network.tlog\link.secondary.1.tlog
c:\_ai\002\cpp-fractal-app\build\_deps\sfml-build\src\sfml\network\sfml-network.dir\release\sfml-network.tlog\link.write.1.tlog
c:\_ai\002\cpp-fractal-app\build\_deps\sfml-build\src\sfml\network\sfml-network.dir\release\sfml-network.tlog\rc.command.1.tlog
c:\_ai\002\cpp-fractal-app\build\_deps\sfml-build\src\sfml\network\sfml-network.dir\release\sfml-network.tlog\rc.read.1.tlog
c:\_ai\002\cpp-fractal-app\build\_deps\sfml-build\src\sfml\network\sfml-network.dir\release\sfml-network.tlog\rc.write.1.tlog
