c:\_ai\002\cpp-fractal-app\build\_deps\sfml-build\src\sfml\system\sfml-system.dir\release\threadlocalimpl.obj
c:\_ai\002\cpp-fractal-app\build\_deps\sfml-build\src\sfml\system\sfml-system.dir\release\threadimpl.obj
c:\_ai\002\cpp-fractal-app\build\_deps\sfml-build\src\sfml\system\sfml-system.dir\release\sleepimpl.obj
c:\_ai\002\cpp-fractal-app\build\_deps\sfml-build\src\sfml\system\sfml-system.dir\release\muteximpl.obj
c:\_ai\002\cpp-fractal-app\build\_deps\sfml-build\src\sfml\system\sfml-system.dir\release\clockimpl.obj
c:\_ai\002\cpp-fractal-app\build\_deps\sfml-build\src\sfml\system\sfml-system.dir\release\memoryinputstream.obj
c:\_ai\002\cpp-fractal-app\build\_deps\sfml-build\src\sfml\system\sfml-system.dir\release\fileinputstream.obj
c:\_ai\002\cpp-fractal-app\build\_deps\sfml-build\src\sfml\system\sfml-system.dir\release\time.obj
c:\_ai\002\cpp-fractal-app\build\_deps\sfml-build\src\sfml\system\sfml-system.dir\release\threadlocal.obj
c:\_ai\002\cpp-fractal-app\build\_deps\sfml-build\src\sfml\system\sfml-system.dir\release\thread.obj
c:\_ai\002\cpp-fractal-app\build\_deps\sfml-build\src\sfml\system\sfml-system.dir\release\string.obj
c:\_ai\002\cpp-fractal-app\build\_deps\sfml-build\src\sfml\system\sfml-system.dir\release\sleep.obj
c:\_ai\002\cpp-fractal-app\build\_deps\sfml-build\src\sfml\system\sfml-system.dir\release\mutex.obj
c:\_ai\002\cpp-fractal-app\build\_deps\sfml-build\src\sfml\system\sfml-system.dir\release\lock.obj
c:\_ai\002\cpp-fractal-app\build\_deps\sfml-build\src\sfml\system\sfml-system.dir\release\err.obj
c:\_ai\002\cpp-fractal-app\build\_deps\sfml-build\src\sfml\system\sfml-system.dir\release\clock.obj
c:\_ai\002\cpp-fractal-app\build\_deps\sfml-build\src\sfml\system\cmakefiles\generate.stamp
c:\_ai\002\cpp-fractal-app\build\_deps\sfml-build\lib\release\sfml-system-2.dll
c:\_ai\002\cpp-fractal-app\build\_deps\sfml-build\src\sfml\system\sfml-system.dir\release\sfml-system.res
c:\_ai\002\cpp-fractal-app\build\_deps\sfml-build\lib\release\sfml-system.lib
c:\_ai\002\cpp-fractal-app\build\_deps\sfml-build\lib\release\sfml-system.exp
c:\_ai\002\cpp-fractal-app\build\_deps\sfml-build\src\sfml\system\sfml-system.dir\release\sfml-system.tlog\cl.command.1.tlog
c:\_ai\002\cpp-fractal-app\build\_deps\sfml-build\src\sfml\system\sfml-system.dir\release\sfml-system.tlog\cl.items.tlog
c:\_ai\002\cpp-fractal-app\build\_deps\sfml-build\src\sfml\system\sfml-system.dir\release\sfml-system.tlog\cl.read.1.tlog
c:\_ai\002\cpp-fractal-app\build\_deps\sfml-build\src\sfml\system\sfml-system.dir\release\sfml-system.tlog\cl.write.1.tlog
c:\_ai\002\cpp-fractal-app\build\_deps\sfml-build\src\sfml\system\sfml-system.dir\release\sfml-system.tlog\custombuild.command.1.tlog
c:\_ai\002\cpp-fractal-app\build\_deps\sfml-build\src\sfml\system\sfml-system.dir\release\sfml-system.tlog\custombuild.read.1.tlog
c:\_ai\002\cpp-fractal-app\build\_deps\sfml-build\src\sfml\system\sfml-system.dir\release\sfml-system.tlog\custombuild.write.1.tlog
c:\_ai\002\cpp-fractal-app\build\_deps\sfml-build\src\sfml\system\sfml-system.dir\release\sfml-system.tlog\link.command.1.tlog
c:\_ai\002\cpp-fractal-app\build\_deps\sfml-build\src\sfml\system\sfml-system.dir\release\sfml-system.tlog\link.read.1.tlog
c:\_ai\002\cpp-fractal-app\build\_deps\sfml-build\src\sfml\system\sfml-system.dir\release\sfml-system.tlog\link.secondary.1.tlog
c:\_ai\002\cpp-fractal-app\build\_deps\sfml-build\src\sfml\system\sfml-system.dir\release\sfml-system.tlog\link.write.1.tlog
c:\_ai\002\cpp-fractal-app\build\_deps\sfml-build\src\sfml\system\sfml-system.dir\release\sfml-system.tlog\rc.command.1.tlog
c:\_ai\002\cpp-fractal-app\build\_deps\sfml-build\src\sfml\system\sfml-system.dir\release\sfml-system.tlog\rc.read.1.tlog
c:\_ai\002\cpp-fractal-app\build\_deps\sfml-build\src\sfml\system\sfml-system.dir\release\sfml-system.tlog\rc.write.1.tlog
