c:\_ai\002\cpp-fractal-app\build\_deps\sfml-build\src\sfml\audio\sfml-audio.dir\release\soundfilewriterogg.obj
c:\_ai\002\cpp-fractal-app\build\_deps\sfml-build\src\sfml\audio\sfml-audio.dir\release\soundfilewriterflac.obj
c:\_ai\002\cpp-fractal-app\build\_deps\sfml-build\src\sfml\audio\sfml-audio.dir\release\soundfilereaderwav.obj
c:\_ai\002\cpp-fractal-app\build\_deps\sfml-build\src\sfml\audio\sfml-audio.dir\release\soundfilereaderogg.obj
c:\_ai\002\cpp-fractal-app\build\_deps\sfml-build\src\sfml\audio\sfml-audio.dir\release\soundfilereadermp3.obj
c:\_ai\002\cpp-fractal-app\build\_deps\sfml-build\src\sfml\audio\sfml-audio.dir\release\soundfilereaderflac.obj
c:\_ai\002\cpp-fractal-app\build\_deps\sfml-build\src\sfml\audio\sfml-audio.dir\release\soundfilefactory.obj
c:\_ai\002\cpp-fractal-app\build\_deps\sfml-build\src\sfml\audio\sfml-audio.dir\release\soundstream.obj
c:\_ai\002\cpp-fractal-app\build\_deps\sfml-build\src\sfml\audio\sfml-audio.dir\release\soundsource.obj
c:\_ai\002\cpp-fractal-app\build\_deps\sfml-build\src\sfml\audio\sfml-audio.dir\release\soundrecorder.obj
c:\_ai\002\cpp-fractal-app\build\_deps\sfml-build\src\sfml\audio\sfml-audio.dir\release\outputsoundfile.obj
c:\_ai\002\cpp-fractal-app\build\_deps\sfml-build\src\sfml\audio\sfml-audio.dir\release\inputsoundfile.obj
c:\_ai\002\cpp-fractal-app\build\_deps\sfml-build\src\sfml\audio\sfml-audio.dir\release\soundbufferrecorder.obj
c:\_ai\002\cpp-fractal-app\build\_deps\sfml-build\src\sfml\audio\sfml-audio.dir\release\soundbuffer.obj
c:\_ai\002\cpp-fractal-app\build\_deps\sfml-build\src\sfml\audio\sfml-audio.dir\release\sound.obj
c:\_ai\002\cpp-fractal-app\build\_deps\sfml-build\src\sfml\audio\sfml-audio.dir\release\music.obj
c:\_ai\002\cpp-fractal-app\build\_deps\sfml-build\src\sfml\audio\sfml-audio.dir\release\listener.obj
c:\_ai\002\cpp-fractal-app\build\_deps\sfml-build\src\sfml\audio\sfml-audio.dir\release\audiodevice.obj
c:\_ai\002\cpp-fractal-app\build\_deps\sfml-build\src\sfml\audio\sfml-audio.dir\release\alresource.obj
c:\_ai\002\cpp-fractal-app\build\_deps\sfml-build\src\sfml\audio\sfml-audio.dir\release\alcheck.obj
c:\_ai\002\cpp-fractal-app\build\_deps\sfml-build\src\sfml\audio\sfml-audio.dir\release\soundfilewriterwav.obj
c:\_ai\002\cpp-fractal-app\build\_deps\sfml-build\src\sfml\audio\cmakefiles\generate.stamp
c:\_ai\002\cpp-fractal-app\build\_deps\sfml-build\lib\release\sfml-audio-2.dll
c:\_ai\002\cpp-fractal-app\build\_deps\sfml-build\src\sfml\audio\sfml-audio.dir\release\sfml-audio.res
c:\_ai\002\cpp-fractal-app\build\_deps\sfml-build\lib\release\sfml-audio.lib
c:\_ai\002\cpp-fractal-app\build\_deps\sfml-build\lib\release\sfml-audio.exp
c:\_ai\002\cpp-fractal-app\build\_deps\sfml-build\src\sfml\audio\sfml-audio.dir\release\sfml-audio.tlog\cl.command.1.tlog
c:\_ai\002\cpp-fractal-app\build\_deps\sfml-build\src\sfml\audio\sfml-audio.dir\release\sfml-audio.tlog\cl.items.tlog
c:\_ai\002\cpp-fractal-app\build\_deps\sfml-build\src\sfml\audio\sfml-audio.dir\release\sfml-audio.tlog\cl.read.1.tlog
c:\_ai\002\cpp-fractal-app\build\_deps\sfml-build\src\sfml\audio\sfml-audio.dir\release\sfml-audio.tlog\cl.write.1.tlog
c:\_ai\002\cpp-fractal-app\build\_deps\sfml-build\src\sfml\audio\sfml-audio.dir\release\sfml-audio.tlog\custombuild.command.1.tlog
c:\_ai\002\cpp-fractal-app\build\_deps\sfml-build\src\sfml\audio\sfml-audio.dir\release\sfml-audio.tlog\custombuild.read.1.tlog
c:\_ai\002\cpp-fractal-app\build\_deps\sfml-build\src\sfml\audio\sfml-audio.dir\release\sfml-audio.tlog\custombuild.write.1.tlog
c:\_ai\002\cpp-fractal-app\build\_deps\sfml-build\src\sfml\audio\sfml-audio.dir\release\sfml-audio.tlog\link.command.1.tlog
c:\_ai\002\cpp-fractal-app\build\_deps\sfml-build\src\sfml\audio\sfml-audio.dir\release\sfml-audio.tlog\link.read.1.tlog
c:\_ai\002\cpp-fractal-app\build\_deps\sfml-build\src\sfml\audio\sfml-audio.dir\release\sfml-audio.tlog\link.secondary.1.tlog
c:\_ai\002\cpp-fractal-app\build\_deps\sfml-build\src\sfml\audio\sfml-audio.dir\release\sfml-audio.tlog\link.write.1.tlog
c:\_ai\002\cpp-fractal-app\build\_deps\sfml-build\src\sfml\audio\sfml-audio.dir\release\sfml-audio.tlog\rc.command.1.tlog
c:\_ai\002\cpp-fractal-app\build\_deps\sfml-build\src\sfml\audio\sfml-audio.dir\release\sfml-audio.tlog\rc.read.1.tlog
c:\_ai\002\cpp-fractal-app\build\_deps\sfml-build\src\sfml\audio\sfml-audio.dir\release\sfml-audio.tlog\rc.write.1.tlog
