c:\_ai\002\cpp-fractal-app\build\_deps\sfml-build\src\sfml\graphics\sfml-graphics.dir\release\shape.obj
c:\_ai\002\cpp-fractal-app\build\_deps\sfml-build\src\sfml\graphics\sfml-graphics.dir\release\vertex.obj
c:\_ai\002\cpp-fractal-app\build\_deps\sfml-build\src\sfml\graphics\sfml-graphics.dir\release\view.obj
c:\_ai\002\cpp-fractal-app\build\_deps\sfml-build\src\sfml\graphics\sfml-graphics.dir\release\transformable.obj
c:\_ai\002\cpp-fractal-app\build\_deps\sfml-build\src\sfml\graphics\sfml-graphics.dir\release\transform.obj
c:\_ai\002\cpp-fractal-app\build\_deps\sfml-build\src\sfml\graphics\sfml-graphics.dir\release\texturesaver.obj
c:\_ai\002\cpp-fractal-app\build\_deps\sfml-build\src\sfml\graphics\sfml-graphics.dir\release\texture.obj
c:\_ai\002\cpp-fractal-app\build\_deps\sfml-build\src\sfml\graphics\sfml-graphics.dir\release\shader.obj
c:\_ai\002\cpp-fractal-app\build\_deps\sfml-build\src\sfml\graphics\sfml-graphics.dir\release\renderwindow.obj
c:\_ai\002\cpp-fractal-app\build\_deps\sfml-build\src\sfml\graphics\sfml-graphics.dir\release\rendertarget.obj
c:\_ai\002\cpp-fractal-app\build\_deps\sfml-build\src\sfml\graphics\sfml-graphics.dir\release\rendertexture.obj
c:\_ai\002\cpp-fractal-app\build\_deps\sfml-build\src\sfml\graphics\sfml-graphics.dir\release\renderstates.obj
c:\_ai\002\cpp-fractal-app\build\_deps\sfml-build\src\sfml\graphics\sfml-graphics.dir\release\imageloader.obj
c:\_ai\002\cpp-fractal-app\build\_deps\sfml-build\src\sfml\graphics\sfml-graphics.dir\release\image.obj
c:\_ai\002\cpp-fractal-app\build\_deps\sfml-build\src\sfml\graphics\sfml-graphics.dir\release\glextensions.obj
c:\_ai\002\cpp-fractal-app\build\_deps\sfml-build\src\sfml\graphics\sfml-graphics.dir\release\glcheck.obj
c:\_ai\002\cpp-fractal-app\build\_deps\sfml-build\src\sfml\graphics\sfml-graphics.dir\release\glsl.obj
c:\_ai\002\cpp-fractal-app\build\_deps\sfml-build\src\sfml\graphics\sfml-graphics.dir\release\font.obj
c:\_ai\002\cpp-fractal-app\build\_deps\sfml-build\src\sfml\graphics\sfml-graphics.dir\release\color.obj
c:\_ai\002\cpp-fractal-app\build\_deps\sfml-build\src\sfml\graphics\sfml-graphics.dir\release\blendmode.obj
c:\_ai\002\cpp-fractal-app\build\_deps\sfml-build\src\sfml\graphics\sfml-graphics.dir\release\rendertextureimpldefault.obj
c:\_ai\002\cpp-fractal-app\build\_deps\sfml-build\src\sfml\graphics\sfml-graphics.dir\release\rendertextureimplfbo.obj
c:\_ai\002\cpp-fractal-app\build\_deps\sfml-build\src\sfml\graphics\sfml-graphics.dir\release\rendertextureimpl.obj
c:\_ai\002\cpp-fractal-app\build\_deps\sfml-build\src\sfml\graphics\sfml-graphics.dir\release\vertexbuffer.obj
c:\_ai\002\cpp-fractal-app\build\_deps\sfml-build\src\sfml\graphics\sfml-graphics.dir\release\vertexarray.obj
c:\_ai\002\cpp-fractal-app\build\_deps\sfml-build\src\sfml\graphics\sfml-graphics.dir\release\text.obj
c:\_ai\002\cpp-fractal-app\build\_deps\sfml-build\src\sfml\graphics\sfml-graphics.dir\release\sprite.obj
c:\_ai\002\cpp-fractal-app\build\_deps\sfml-build\src\sfml\graphics\sfml-graphics.dir\release\convexshape.obj
c:\_ai\002\cpp-fractal-app\build\_deps\sfml-build\src\sfml\graphics\sfml-graphics.dir\release\rectangleshape.obj
c:\_ai\002\cpp-fractal-app\build\_deps\sfml-build\src\sfml\graphics\sfml-graphics.dir\release\circleshape.obj
c:\_ai\002\cpp-fractal-app\build\_deps\sfml-build\src\sfml\graphics\cmakefiles\generate.stamp
c:\_ai\002\cpp-fractal-app\build\_deps\sfml-build\lib\release\sfml-graphics-2.dll
c:\_ai\002\cpp-fractal-app\build\_deps\sfml-build\src\sfml\graphics\sfml-graphics.dir\release\sfml-graphics.res
c:\_ai\002\cpp-fractal-app\build\_deps\sfml-build\lib\release\sfml-graphics.lib
c:\_ai\002\cpp-fractal-app\build\_deps\sfml-build\lib\release\sfml-graphics.exp
c:\_ai\002\cpp-fractal-app\build\_deps\sfml-build\src\sfml\graphics\sfml-graphics.dir\release\sfml-graphics.tlog\cl.command.1.tlog
c:\_ai\002\cpp-fractal-app\build\_deps\sfml-build\src\sfml\graphics\sfml-graphics.dir\release\sfml-graphics.tlog\cl.items.tlog
c:\_ai\002\cpp-fractal-app\build\_deps\sfml-build\src\sfml\graphics\sfml-graphics.dir\release\sfml-graphics.tlog\cl.read.1.tlog
c:\_ai\002\cpp-fractal-app\build\_deps\sfml-build\src\sfml\graphics\sfml-graphics.dir\release\sfml-graphics.tlog\cl.write.1.tlog
c:\_ai\002\cpp-fractal-app\build\_deps\sfml-build\src\sfml\graphics\sfml-graphics.dir\release\sfml-graphics.tlog\custombuild.command.1.tlog
c:\_ai\002\cpp-fractal-app\build\_deps\sfml-build\src\sfml\graphics\sfml-graphics.dir\release\sfml-graphics.tlog\custombuild.read.1.tlog
c:\_ai\002\cpp-fractal-app\build\_deps\sfml-build\src\sfml\graphics\sfml-graphics.dir\release\sfml-graphics.tlog\custombuild.write.1.tlog
c:\_ai\002\cpp-fractal-app\build\_deps\sfml-build\src\sfml\graphics\sfml-graphics.dir\release\sfml-graphics.tlog\link.command.1.tlog
c:\_ai\002\cpp-fractal-app\build\_deps\sfml-build\src\sfml\graphics\sfml-graphics.dir\release\sfml-graphics.tlog\link.read.1.tlog
c:\_ai\002\cpp-fractal-app\build\_deps\sfml-build\src\sfml\graphics\sfml-graphics.dir\release\sfml-graphics.tlog\link.secondary.1.tlog
c:\_ai\002\cpp-fractal-app\build\_deps\sfml-build\src\sfml\graphics\sfml-graphics.dir\release\sfml-graphics.tlog\link.write.1.tlog
c:\_ai\002\cpp-fractal-app\build\_deps\sfml-build\src\sfml\graphics\sfml-graphics.dir\release\sfml-graphics.tlog\rc.command.1.tlog
c:\_ai\002\cpp-fractal-app\build\_deps\sfml-build\src\sfml\graphics\sfml-graphics.dir\release\sfml-graphics.tlog\rc.read.1.tlog
c:\_ai\002\cpp-fractal-app\build\_deps\sfml-build\src\sfml\graphics\sfml-graphics.dir\release\sfml-graphics.tlog\rc.write.1.tlog
